Aug 10 00:12:14  [info] $IDS Detector Details = Array
(
    [0] => Array
        (
            [name] => report_header
            [value] => <html>
  <head>
    <title>CiviCRM Report</title>
    <style type="text/css">@import url(/nyss/sites/all/modules/civicrm/css/print.css);</style>
  </head>
  <body><div id="crm-container">
            [page] => /nyss/civicrm/report/instance/2
            [userid] => 1
            [session] => dc88b049a05dc0102aa6cc90e058329f
            [ip] => 10.242.198.118
            [reaction] => 0
            [impact] => 35
        )

    [1] => Array
        (
            [name] => report_footer
            [value] => <p>New York State Senate :: BlueBird</p></div></body>
</html>

            [page] => /nyss/civicrm/report/instance/2
            [userid] => 1
            [session] => dc88b049a05dc0102aa6cc90e058329f
            [ip] => 10.242.198.118
            [reaction] => 0
            [impact] => 35
        )

)


Aug 24 16:24:11  [info] $IDS Detector Details = Array
(
    [0] => Array
        (
            [name] => report_header
            [value] => <html>
  <head>
    <title>CiviCRM Report</title>
    <style type="text/css">@import url(/nyss/sites/all/modules/civicrm/css/print.css);</style>
  </head>
  <body><div id="crm-container">
            [page] => /nyss/civicrm/report/instance/1
            [userid] => 1
            [session] => 8009056b08f75af266585b5cb7a089bf
            [ip] => 10.242.198.118
            [reaction] => 0
            [impact] => 35
        )

    [1] => Array
        (
            [name] => report_footer
            [value] => <p>New York State Senate :: BlueBird</p></div></body>
</html>

            [page] => /nyss/civicrm/report/instance/1
            [userid] => 1
            [session] => 8009056b08f75af266585b5cb7a089bf
            [ip] => 10.242.198.118
            [reaction] => 0
            [impact] => 35
        )

)


Aug 24 16:34:09  [info] $IDS Detector Details = Array
(
    [0] => Array
        (
            [name] => report_header
            [value] => <html>
  <head>
    <title>CiviCRM Report</title>
    <style type="text/css">@import url(/nyss/sites/all/modules/civicrm/css/print.css);</style>
  </head>
  <body><div id="crm-container">
            [page] => /nyss/civicrm/report/instance/1
            [userid] => 1
            [session] => 8009056b08f75af266585b5cb7a089bf
            [ip] => 10.242.198.118
            [reaction] => 0
            [impact] => 35
        )

    [1] => Array
        (
            [name] => report_footer
            [value] => <p>New York State Senate :: BlueBird</p></div></body>
</html>

            [page] => /nyss/civicrm/report/instance/1
            [userid] => 1
            [session] => 8009056b08f75af266585b5cb7a089bf
            [ip] => 10.242.198.118
            [reaction] => 0
            [impact] => 35
        )

)


Aug 24 16:34:59  [info] $IDS Detector Details = Array
(
    [0] => Array
        (
            [name] => report_header
            [value] => <html>
  <head>
    <title>CiviCRM Report</title>
    <style type="text/css">@import url(/nyss/sites/all/modules/civicrm/css/print.css);</style>
  </head>
  <body><div id="crm-container">
            [page] => /nyss/civicrm/report/instance/1
            [userid] => 1
            [session] => 8009056b08f75af266585b5cb7a089bf
            [ip] => 10.242.198.118
            [reaction] => 0
            [impact] => 35
        )

    [1] => Array
        (
            [name] => report_footer
            [value] => <p>New York State Senate :: BlueBird</p></div></body>
</html>

            [page] => /nyss/civicrm/report/instance/1
            [userid] => 1
            [session] => 8009056b08f75af266585b5cb7a089bf
            [ip] => 10.242.198.118
            [reaction] => 0
            [impact] => 35
        )

)


Aug 24 16:35:13  [info] $IDS Detector Details = Array
(
    [0] => Array
        (
            [name] => report_header
            [value] => <html>
  <head>
    <title>CiviCRM Report</title>
    <style type="text/css">@import url(/nyss/sites/all/modules/civicrm/css/print.css);</style>
  </head>
  <body><div id="crm-container">
            [page] => /nyss/civicrm/report/instance/1
            [userid] => 1
            [session] => 8009056b08f75af266585b5cb7a089bf
            [ip] => 10.242.198.118
            [reaction] => 0
            [impact] => 35
        )

    [1] => Array
        (
            [name] => report_footer
            [value] => <p>New York State Senate :: BlueBird</p></div></body>
</html>

            [page] => /nyss/civicrm/report/instance/1
            [userid] => 1
            [session] => 8009056b08f75af266585b5cb7a089bf
            [ip] => 10.242.198.118
            [reaction] => 0
            [impact] => 35
        )

)


Aug 25 13:20:56  [info] $IDS Detector Details = Array
(
    [0] => Array
        (
            [name] => report_header
            [value] => <html>
  <head>
    <title>Activities Over the Last 7 Days</title>
    <style type="text/css">@import url(/nyssdev/sites/all/modules/civicrm/css/print.css);</style>
  </head>
  <body><div id="crm-container">
            [page] => /nyss/civicrm/report/instance/23
            [userid] => 1
            [session] => 114d38cf4422d75bf768e389036425a6
            [ip] => 10.242.198.118
            [reaction] => 0
            [impact] => 35
        )

    [1] => Array
        (
            [name] => report_footer
            [value] => <p>New York State Senate :: BlueBird</p></div></body>
</html>

            [page] => /nyss/civicrm/report/instance/23
            [userid] => 1
            [session] => 114d38cf4422d75bf768e389036425a6
            [ip] => 10.242.198.118
            [reaction] => 0
            [impact] => 35
        )

)


Aug 25 13:23:15  [info] $IDS Detector Details = Array
(
    [0] => Array
        (
            [name] => report_header
            [value] => <html>
  <head>
    <title>Activities Over the Last 7 Days</title>
    <style type="text/css">@import url(/nyssdev/sites/all/modules/civicrm/css/print.css);</style>
  </head>
  <body><div id="crm-container">
            [page] => /nyss/civicrm/report/instance/23
            [userid] => 1
            [session] => 114d38cf4422d75bf768e389036425a6
            [ip] => 10.242.198.118
            [reaction] => 0
            [impact] => 35
        )

    [1] => Array
        (
            [name] => report_footer
            [value] => <p>New York State Senate :: BlueBird</p></div></body>
</html>

            [page] => /nyss/civicrm/report/instance/23
            [userid] => 1
            [session] => 114d38cf4422d75bf768e389036425a6
            [ip] => 10.242.198.118
            [reaction] => 0
            [impact] => 35
        )

)


