Aug 16 22:13:12  [info] $Fatal Error Details = Array
(
    [message] => Could not find valid value for cid
    [code] => 
)


Aug 16 22:13:12  [info] $backTrace = /senatevolume/production/m1.small/senateProduction/modules/civicrm/CRM/Core/Error.php, backtrace, 260
/senatevolume/production/m1.small/senateProduction/modules/civicrm/CRM/Utils/Request.php, fatal, 109
/senatevolume/production/m1.small/senateProduction/civicrmSharedDirectories/civicrmCustom/php/CRM/Contact/Page/View.php, retrieve, 108
/senatevolume/production/m1.small/senateProduction/modules/civicrm/CRM/Contact/Page/View/Summary.php, preProcess, 56
/senatevolume/production/m1.small/senateProduction/modules/civicrm/CRM/Contact/Page/View/Summary.php, preProcess, 94
/senatevolume/production/m1.small/senateProduction/modules/civicrm/CRM/Core/Invoke.php, run, 219
/senatevolume/production/m1.small/senateProduction/modules/civicrm/drupal/civicrm.module, invoke, 350
, civicrm_invoke, 
/senatevolume/production/m1.small/www/nyss/includes/menu.inc, call_user_func_array, 348
/senatevolume/production/m1.small/www/nyss/index.php, menu_execute_active_handler, 18

Aug 16 22:19:08  [info] $Fatal Error Details = Array
(
    [message] => Could not find valid value for cid
    [code] => 
)


Aug 16 22:19:08  [info] $backTrace = /senatevolume/production/m1.small/senateProduction/modules/civicrm/CRM/Core/Error.php, backtrace, 260
/senatevolume/production/m1.small/senateProduction/modules/civicrm/CRM/Utils/Request.php, fatal, 109
/senatevolume/production/m1.small/senateProduction/civicrmSharedDirectories/civicrmCustom/php/CRM/Contact/Page/View.php, retrieve, 108
/senatevolume/production/m1.small/senateProduction/modules/civicrm/CRM/Contact/Page/View/Summary.php, preProcess, 56
/senatevolume/production/m1.small/senateProduction/modules/civicrm/CRM/Contact/Page/View/Summary.php, preProcess, 94
/senatevolume/production/m1.small/senateProduction/modules/civicrm/CRM/Core/Invoke.php, run, 219
/senatevolume/production/m1.small/senateProduction/modules/civicrm/drupal/civicrm.module, invoke, 350
, civicrm_invoke, 
/senatevolume/production/m1.small/www/nyss/includes/menu.inc, call_user_func_array, 348
/senatevolume/production/m1.small/www/nyss/index.php, menu_execute_active_handler, 18

